<?xml version="1.0" encoding="UTF-8"?>
<coverage generated="1763930356206" clover="3.2.0">
  <project timestamp="1763930356206" name="All files">
    <metrics statements="4" coveredstatements="3" conditionals="0" coveredconditionals="0" methods="2" coveredmethods="0" elements="6" coveredelements="3" complexity="0" loc="4" ncloc="4" packages="3" files="4" classes="4"/>
    <package name="src">
      <metrics statements="1" coveredstatements="1" conditionals="0" coveredconditionals="0" methods="0" coveredmethods="0"/>
      <file name="App.css" path="C:\Users\Peta335\Desktop\4 курс\Облачное хранение\LR2\lab1-react-vite-gh-pages\src\App.css">
        <metrics statements="0" coveredstatements="0" conditionals="0" coveredconditionals="0" methods="0" coveredmethods="0"/>
      </file>
      <file name="App.tsx" path="C:\Users\Peta335\Desktop\4 курс\Облачное хранение\LR2\lab1-react-vite-gh-pages\src\App.tsx">
        <metrics statements="1" coveredstatements="1" conditionals="0" coveredconditionals="0" methods="0" coveredmethods="0"/>
        <line num="7" count="2" type="stmt"/>
      </file>
    </package>
    <package name="src.assets">
      <metrics statements="0" coveredstatements="0" conditionals="0" coveredconditionals="0" methods="0" coveredmethods="0"/>
      <file name="react.svg" path="C:\Users\Peta335\Desktop\4 курс\Облачное хранение\LR2\lab1-react-vite-gh-pages\src\assets\react.svg">
        <metrics statements="0" coveredstatements="0" conditionals="0" coveredconditionals="0" methods="0" coveredmethods="0"/>
      </file>
    </package>
    <package name="src.components">
      <metrics statements="3" coveredstatements="2" conditionals="0" coveredconditionals="0" methods="2" coveredmethods="0"/>
      <file name="Counter.tsx" path="C:\Users\Peta335\Desktop\4 курс\Облачное хранение\LR2\lab1-react-vite-gh-pages\src\components\Counter.tsx">
        <metrics statements="3" coveredstatements="2" conditionals="0" coveredconditionals="0" methods="2" coveredmethods="0"/>
        <line num="4" count="2" type="stmt"/>
        <line num="6" count="2" type="stmt"/>
        <line num="8" count="0" type="stmt"/>
      </file>
    </package>
  </project>
</coverage>
