{"C:\\Users\\Peta335\\Desktop\\4 курс\\Облачное хранение\\LR2\\lab1-react-vite-gh-pages\\src\\App.css": {"path":"C:\\Users\\Peta335\\Desktop\\4 курс\\Облачное хранение\\LR2\\lab1-react-vite-gh-pages\\src\\App.css","statementMap":{},"fnMap":{},"branchMap":{},"s":{},"f":{},"b":{},"meta":{"lastBranch":0,"lastFunction":0,"lastStatement":0,"seen":{}}}
,"C:\\Users\\Peta335\\Desktop\\4 курс\\Облачное хранение\\LR2\\lab1-react-vite-gh-pages\\src\\App.tsx": {"path":"C:\\Users\\Peta335\\Desktop\\4 курс\\Облачное хранение\\LR2\\lab1-react-vite-gh-pages\\src\\App.tsx","statementMap":{"0":{"start":{"line":7,"column":2},"end":{"line":22,"column":null}}},"fnMap":{},"branchMap":{},"s":{"0":2},"f":{},"b":{},"meta":{"lastBranch":0,"lastFunction":0,"lastStatement":1,"seen":{"s:7:2:22:Infinity":0}}}
,"C:\\Users\\Peta335\\Desktop\\4 курс\\Облачное хранение\\LR2\\lab1-react-vite-gh-pages\\src\\assets\\react.svg": {"path":"C:\\Users\\Peta335\\Desktop\\4 курс\\Облачное хранение\\LR2\\lab1-react-vite-gh-pages\\src\\assets\\react.svg","statementMap":{},"fnMap":{},"branchMap":{},"s":{},"f":{},"b":{},"meta":{"lastBranch":0,"lastFunction":0,"lastStatement":0,"seen":{}}}
,"C:\\Users\\Peta335\\Desktop\\4 курс\\Облачное хранение\\LR2\\lab1-react-vite-gh-pages\\src\\components\\Counter.tsx": {"path":"C:\\Users\\Peta335\\Desktop\\4 курс\\Облачное хранение\\LR2\\lab1-react-vite-gh-pages\\src\\components\\Counter.tsx","statementMap":{"0":{"start":{"line":4,"column":16},"end":{"line":4,"column":39}},"1":{"start":{"line":6,"column":2},"end":{"line":14,"column":null}},"2":{"start":{"line":8,"column":29},"end":{"line":8,"column":59}},"3":{"start":{"line":8,"column":49},"end":{"line":8,"column":59}}},"fnMap":{"0":{"name":"(anonymous_0)","decl":{"start":{"line":8,"column":14},"end":{"line":8,"column":29}},"loc":{"start":{"line":8,"column":29},"end":{"line":8,"column":59}},"line":8},"1":{"name":"(anonymous_1)","decl":{"start":{"line":8,"column":29},"end":{"line":8,"column":39}},"loc":{"start":{"line":8,"column":49},"end":{"line":8,"column":59}},"line":8}},"branchMap":{},"s":{"0":2,"1":2,"2":0,"3":0},"f":{"0":0,"1":0},"b":{},"meta":{"lastBranch":0,"lastFunction":2,"lastStatement":4,"seen":{"s:4:16:4:39":0,"s:6:2:14:Infinity":1,"f:8:14:8:29":0,"s:8:29:8:59":2,"f:8:29:8:39":1,"s:8:49:8:59":3}}}
}
